#
# There is insufficient memory for the Java Runtime Environment to continue.
# Native memory allocation (mmap) failed to map 132120576 bytes for G1 virtual space
# Possible reasons:
#   The system is out of physical RAM or swap space
#   The process is running with CompressedOops enabled, and the Java Heap may be blocking the growth of the native heap
# Possible solutions:
#   Reduce memory load on the system
#   Increase physical memory or swap space
#   Check if swap backing store is full
#   Decrease Java heap size (-Xmx/-Xms)
#   Decrease number of Java threads
#   Decrease Java thread stack sizes (-Xss)
#   Set larger code cache with -XX:ReservedCodeCacheSize=
#   JVM is running with Unscaled Compressed Oops mode in which the Java heap is
#     placed in the first 4GB address space. The Java Heap base address is the
#     maximum limit for the native heap growth. Please use -XX:HeapBaseMinAddress
#     to set the Java Heap base and to place the Java Heap above 4GB virtual address.
# This output file may be truncated or incomplete.
#
#  Out of Memory Error (os_windows.cpp:3550), pid=22576, tid=19800
#
# JRE version:  (17.0.6+9) (build )
# Java VM: Java HotSpot(TM) 64-Bit Server VM (17.0.6+9-LTS-190, mixed mode, sharing, tiered, compressed oops, compressed class ptrs, g1 gc, windows-amd64)
# No core dump will be written. Minidumps are not enabled by default on client versions of Windows
#

---------------  S U M M A R Y ------------

Command Line: --enable-native-access=ALL-UNNAMED -Dclassworlds.conf=C:\Users\04rag\.vscode\extensions\oracle.oracle-java-25.1.0\nbcode\java\maven\bin\m2.conf -Dmaven.home=C:\Users\04rag\.vscode\extensions\oracle.oracle-java-25.1.0\nbcode\java\maven -Dlibrary.jansi.path=C:\Users\04rag\.vscode\extensions\oracle.oracle-java-25.1.0\nbcode\java\maven\lib\jansi-native -Dmaven.multiModuleProjectDirectory=D:\DatabaseTesting\demo org.codehaus.plexus.classworlds.launcher.Launcher -Dexec.vmArgs=-Dfile.encoding=UTF-8 -Dexec.args=${exec.vmArgs} -classpath %classpath ${exec.mainClass} ${exec.appArgs} -Dexec.executable=C:\Program Files\Java\jdk-17\bin\java.exe -Dexec.mainClass=src.com.example.DbTesting -Dexec.classpathScope=runtime -DskipTests=true -Dexec.appArgs= -Dmaven.ext.class.path=C:\Users\04rag\.vscode\extensions\oracle.oracle-java-25.1.0\nbcode\java\maven-nblib\netbeans-eventspy.jar --no-transfer-progress process-classes org.codehaus.mojo:exec-maven-plugin:3.5.1:exec

Host: Intel(R) Core(TM) i3-10110U CPU @ 2.10GHz, 4 cores, 7G,  Windows 11 , 64 bit Build 22000 (10.0.22000.2538)
Time: Mon May 25 13:05:07 2026 India Standard Time elapsed time: 0.496210 seconds (0d 0h 0m 0s)

---------------  T H R E A D  ---------------

Current thread (0x0000018856d37310):  JavaThread "Unknown thread" [_thread_in_vm, id=19800, stack(0x0000000615200000,0x0000000615300000)]

Stack: [0x0000000615200000,0x0000000615300000]
Native frames: (J=compiled Java code, j=interpreted, Vv=VM code, C=native code)
V  [jvm.dll+0x6734ea]
V  [jvm.dll+0x7d18f4]
V  [jvm.dll+0x7d309e]
V  [jvm.dll+0x7d3703]
V  [jvm.dll+0x2433c5]
V  [jvm.dll+0x6703f9]
V  [jvm.dll+0x664d32]
V  [jvm.dll+0x300086]
V  [jvm.dll+0x307606]
V  [jvm.dll+0x356c1e]
V  [jvm.dll+0x356e4f]
V  [jvm.dll+0x2d72e8]
V  [jvm.dll+0x2d8254]
V  [jvm.dll+0x7a33b1]
V  [jvm.dll+0x3647f1]
V  [jvm.dll+0x782839]
V  [jvm.dll+0x3e757f]
V  [jvm.dll+0x3e9001]
C  [jli.dll+0x5297]
C  [ucrtbase.dll+0x26c0c]
C  [KERNEL32.DLL+0x153e0]
C  [ntdll.dll+0x485b]


---------------  P R O C E S S  ---------------

Threads class SMR info:
_java_thread_list=0x00007ff86a95e958, length=0, elements={
}

Java Threads: ( => current thread )

Other Threads:
  0x0000018856d8fc00 GCTaskThread "GC Thread#0" [stack: 0x0000000615400000,0x0000000615500000] [id=13620]
  0x0000018856da0640 ConcurrentGCThread "G1 Main Marker" [stack: 0x0000000615500000,0x0000000615600000] [id=8800]
  0x0000018856da1050 ConcurrentGCThread "G1 Conc#0" [stack: 0x0000000615600000,0x0000000615700000] [id=26844]

[error occurred during error reporting (printing all threads), id 0xc0000005, EXCEPTION_ACCESS_VIOLATION (0xc0000005) at pc=0x00007ff86a197f07]

VM state: not at safepoint (not fully initialized)

VM Mutex/Monitor currently owned by a thread:  ([mutex/lock_event])
[0x0000018856d34360] Heap_lock - owner thread: 0x0000018856d37310

Heap address: 0x0000000082800000, size: 2008 MB, Compressed Oops mode: 32-bit

CDS archive(s) mapped at: [0x0000000000000000-0x0000000000000000-0x0000000000000000), size 0, SharedBaseAddress: 0x0000000800000000, ArchiveRelocationMode: 0.
Narrow klass base: 0x0000000000000000, Narrow klass shift: 0, Narrow klass range: 0x0

GC Precious Log:
<Empty>

Heap:
 garbage-first heap   total 0K, used 0K [0x0000000082800000, 0x0000000100000000)
  region size 1024K, 0 young (0K), 0 survivors (0K)

[error occurred during error reporting (printing heap information), id 0xc0000005, EXCEPTION_ACCESS_VIOLATION (0xc0000005) at pc=0x00007ff86a57c759]

GC Heap History (0 events):
No events

Deoptimization events (0 events):
No events

Classes unloaded (0 events):
No events

Classes redefined (0 events):
No events

Internal exceptions (0 events):
No events

VM Operations (0 events):
No events

Events (1 events):
Event: 0.125 Loaded shared library C:\Program Files\Java\jdk-17\bin\java.dll


Dynamic libraries:
0x00007ff6815e0000 - 0x00007ff6815f0000 	C:\Program Files\Java\jdk-17\bin\java.exe
0x00007ff8a9c20000 - 0x00007ff8a9e29000 	C:\WINDOWS\SYSTEM32\ntdll.dll
0x00007ff8a9530000 - 0x00007ff8a95ed000 	C:\WINDOWS\System32\KERNEL32.DLL
0x00007ff8a73e0000 - 0x00007ff8a7764000 	C:\WINDOWS\System32\KERNELBASE.dll
0x00007ff8a72c0000 - 0x00007ff8a73d1000 	C:\WINDOWS\System32\ucrtbase.dll
0x00007ff86ac30000 - 0x00007ff86ac48000 	C:\Program Files\Java\jdk-17\bin\jli.dll
0x00007ff8a9220000 - 0x00007ff8a92ce000 	C:\WINDOWS\System32\ADVAPI32.dll
0x00007ff8a9650000 - 0x00007ff8a96f3000 	C:\WINDOWS\System32\msvcrt.dll
0x00007ff8a9b40000 - 0x00007ff8a9bde000 	C:\WINDOWS\System32\sechost.dll
0x00007ff8a9a00000 - 0x00007ff8a9b21000 	C:\WINDOWS\System32\RPCRT4.dll
0x00007ff8a9060000 - 0x00007ff8a920d000 	C:\WINDOWS\System32\USER32.dll
0x00007ff8a7170000 - 0x00007ff8a7196000 	C:\WINDOWS\System32\win32u.dll
0x00007ff8a92d0000 - 0x00007ff8a92fa000 	C:\WINDOWS\System32\GDI32.dll
0x00007ff8a71a0000 - 0x00007ff8a72be000 	C:\WINDOWS\System32\gdi32full.dll
0x00007ff8a79d0000 - 0x00007ff8a7a6d000 	C:\WINDOWS\System32\msvcp_win.dll
0x00007ff86ac10000 - 0x00007ff86ac2b000 	C:\Program Files\Java\jdk-17\bin\VCRUNTIME140.dll
0x00007ff8857b0000 - 0x00007ff885a55000 	C:\WINDOWS\WinSxS\amd64_microsoft.windows.common-controls_6595b64144ccf1df_6.0.22000.120_none_9d947278b86cc467\COMCTL32.dll
0x00007ff8a6a50000 - 0x00007ff8a6a5a000 	C:\WINDOWS\SYSTEM32\VERSION.dll
0x00007ff8a7d00000 - 0x00007ff8a7d31000 	C:\WINDOWS\System32\IMM32.DLL
0x00000000531c0000 - 0x00000000531cd000 	C:\Program Files (x86)\360\Total Security\safemon\SafeWrapper.dll
0x00007ff8a1610000 - 0x00007ff8a1715000 	C:\Program Files (x86)\360\Total Security\safemon\libzdtp64.dll
0x00007ff8a8300000 - 0x00007ff8a8ac5000 	C:\WINDOWS\System32\SHELL32.dll
0x00007ff8a9300000 - 0x00007ff8a935d000 	C:\WINDOWS\System32\SHLWAPI.dll
0x00007ff86abc0000 - 0x00007ff86abcc000 	C:\Program Files\Java\jdk-17\bin\vcruntime140_1.dll
0x00007ff86aa90000 - 0x00007ff86ab1e000 	C:\Program Files\Java\jdk-17\bin\msvcp140.dll
0x00007ff869eb0000 - 0x00007ff86aa87000 	C:\Program Files\Java\jdk-17\bin\server\jvm.dll
0x00007ff8a9b30000 - 0x00007ff8a9b38000 	C:\WINDOWS\System32\PSAPI.DLL
0x00007ff86f830000 - 0x00007ff86f839000 	C:\WINDOWS\SYSTEM32\WSOCK32.dll
0x00007ff8a7c90000 - 0x00007ff8a7cff000 	C:\WINDOWS\System32\WS2_32.dll
0x00007ff8a1980000 - 0x00007ff8a19b3000 	C:\WINDOWS\SYSTEM32\WINMM.dll
0x00007ff8a6070000 - 0x00007ff8a6088000 	C:\WINDOWS\SYSTEM32\kernel.appcore.dll
0x00007ff86ac00000 - 0x00007ff86ac0a000 	C:\Program Files\Java\jdk-17\bin\jimage.dll
0x00007ff89bb40000 - 0x00007ff89bd61000 	C:\WINDOWS\SYSTEM32\DBGHELP.DLL
0x00007ff884a00000 - 0x00007ff884a31000 	C:\WINDOWS\SYSTEM32\dbgcore.DLL
0x00007ff8a7950000 - 0x00007ff8a79cf000 	C:\WINDOWS\System32\bcryptPrimitives.dll
0x00007ff877fe0000 - 0x00007ff878005000 	C:\Program Files\Java\jdk-17\bin\java.dll

dbghelp: loaded successfully - version: 4.0.5 - missing functions: none
symbol engine: initialized successfully - sym options: 0x614 - pdb path: .;C:\Program Files\Java\jdk-17\bin;C:\WINDOWS\SYSTEM32;C:\WINDOWS\WinSxS\amd64_microsoft.windows.common-controls_6595b64144ccf1df_6.0.22000.120_none_9d947278b86cc467;C:\Program Files (x86)\360\Total Security\safemon;C:\Program Files\Java\jdk-17\bin\server

VM Arguments:
jvm_args: --enable-native-access=ALL-UNNAMED -Dclassworlds.conf=C:\Users\04rag\.vscode\extensions\oracle.oracle-java-25.1.0\nbcode\java\maven\bin\m2.conf -Dmaven.home=C:\Users\04rag\.vscode\extensions\oracle.oracle-java-25.1.0\nbcode\java\maven -Dlibrary.jansi.path=C:\Users\04rag\.vscode\extensions\oracle.oracle-java-25.1.0\nbcode\java\maven\lib\jansi-native -Dmaven.multiModuleProjectDirectory=D:\DatabaseTesting\demo 
java_command: org.codehaus.plexus.classworlds.launcher.Launcher -Dexec.vmArgs=-Dfile.encoding=UTF-8 -Dexec.args=${exec.vmArgs} -classpath %classpath ${exec.mainClass} ${exec.appArgs} -Dexec.executable=C:\Program Files\Java\jdk-17\bin\java.exe -Dexec.mainClass=src.com.example.DbTesting -Dexec.classpathScope=runtime -DskipTests=true -Dexec.appArgs= -Dmaven.ext.class.path=C:\Users\04rag\.vscode\extensions\oracle.oracle-java-25.1.0\nbcode\java\maven-nblib\netbeans-eventspy.jar --no-transfer-progress process-classes org.codehaus.mojo:exec-maven-plugin:3.5.1:exec
java_class_path (initial): C:\Users\04rag\.vscode\extensions\oracle.oracle-java-25.1.0\nbcode\java\maven\boot\plexus-classworlds-2.9.0.jar
Launcher Type: SUN_STANDARD

[Global flags]
     intx CICompilerCount                          = 3                                         {product} {ergonomic}
     uint ConcGCThreads                            = 1                                         {product} {ergonomic}
     uint G1ConcRefinementThreads                  = 4                                         {product} {ergonomic}
   size_t G1HeapRegionSize                         = 1048576                                   {product} {ergonomic}
    uintx GCDrainStackTargetSize                   = 64                                        {product} {ergonomic}
   size_t InitialHeapSize                          = 132120576                                 {product} {ergonomic}
   size_t MarkStackSize                            = 4194304                                   {product} {ergonomic}
   size_t MaxHeapSize                              = 2105540608                                {product} {ergonomic}
   size_t MinHeapDeltaBytes                        = 1048576                                   {product} {ergonomic}
   size_t MinHeapSize                              = 8388608                                   {product} {ergonomic}
    uintx NonNMethodCodeHeapSize                   = 5832780                                {pd product} {ergonomic}
    uintx NonProfiledCodeHeapSize                  = 122912730                              {pd product} {ergonomic}
    uintx ProfiledCodeHeapSize                     = 122912730                              {pd product} {ergonomic}
    uintx ReservedCodeCacheSize                    = 251658240                              {pd product} {ergonomic}
     bool SegmentedCodeCache                       = true                                      {product} {ergonomic}
   size_t SoftMaxHeapSize                          = 2105540608                             {manageable} {ergonomic}
     bool UseCompressedClassPointers               = true                           {product lp64_product} {ergonomic}
     bool UseCompressedOops                        = true                           {product lp64_product} {ergonomic}
     bool UseG1GC                                  = true                                      {product} {ergonomic}
     bool UseLargePagesIndividualAllocation        = false                                  {pd product} {ergonomic}

Logging:
Log output configuration:
 #0: stdout all=warning uptime,level,tags
 #1: stderr all=off uptime,level,tags

Environment Variables:
JAVA_HOME=C:\Program Files\Java\jdk-17
PATH=C:\Users\04rag\AppData\Local\Programs\Microsoft VS Code;C:\Program Files\Java\jdk-17\bin;D:\app\04rag\product\21c\dbhomeXE\bin;D:\WINDOWS.X64_193000_db_home\bin;D:\Oracle\bin;D:\db_home\bin;C:\app\04rag\product\21c\dbhomeXE\bin;C:\WINDOWS\system32;C:\WINDOWS;C:\WINDOWS\System32\Wbem;C:\WINDOWS\System32\WindowsPowerShell\v1.0\;C:\WINDOWS\System32\OpenSSH\;C:\Users\04rag\apache-maven-3.8.6\bin;C:\Program Files\Microsoft SQL Server\Client SDK\ODBC\170\Tools\Binn\;C:\Program Files (x86)\Microsoft SQL Server\150\Tools\Binn\;C:\Program Files\Microsoft SQL Server\150\Tools\Binn\;C:\Program Files\Microsoft SQL Server\150\DTS\Binn\;C:\Program Files\Docker\Docker\resources\bin;D:\Oracle\client\instantclient_21_15;C:\Program Files\nodejs\;C:\Program Files\Git\cmd;C:\Program Files\nodejs\node_modules;C:\Program Files\apache-maven-3.9.12\bin;C:\Users\04rag\AppData\Local\Microsoft\WindowsApps;C:\Windows\System32\cmd.exe;C:\minikube;C:\Program Files\MongoDB\Server\6.0\bin;C:\Program Files\Azure Data Studio\bin;C:\Users\04rag\AppData\Local\Programs\Python\Python312;C:\Users\04rag\AppData\Local\Programs\Python\Python312\Lib\site-packages;C:\Users\04rag\AppData\Local\Programs\Python\Python312\Scripts;C:\Users\04rag\AppData\Roaming\npm;C:\Program Files\Java\jdk-17\bin;C:\Users\04rag\AppData\Local\Programs\Microsoft VS Code\bin
USERNAME=04rag
OS=Windows_NT
PROCESSOR_IDENTIFIER=Intel64 Family 6 Model 142 Stepping 12, GenuineIntel



---------------  S Y S T E M  ---------------

OS:
 Windows 11 , 64 bit Build 22000 (10.0.22000.2538)
OS uptime: 4 days 0:22 hours
Hyper-V role detected

CPU: total 4 (initial active 4) (2 cores per cpu, 2 threads per core) family 6 model 142 stepping 12 microcode 0xde, cx8, cmov, fxsr, ht, mmx, 3dnowpref, sse, sse2, sse3, ssse3, sse4.1, sse4.2, popcnt, lzcnt, tsc, tscinvbit, avx, avx2, aes, erms, clmul, bmi1, bmi2, adx, fma, vzeroupper, clflush, clflushopt, hv

Memory: 4k page, system-wide physical 8025M (468M free)
TotalPageFile size 20313M (AvailPageFile size 7M)
current process WorkingSet (physical memory assigned to process): 11M, peak: 11M
current process commit charge ("private bytes"): 52M, peak: 178M

vm_info: Java HotSpot(TM) 64-Bit Server VM (17.0.6+9-LTS-190) for windows-amd64 JRE (17.0.6+9-LTS-190), built on Dec  6 2022 15:53:54 by "mach5one" with MS VC++ 17.1 (VS2022)

END.
